[09/08/2020 22:56:31] [e(0)] core: Failed to connect to the database: No database YAML file
[09/08/2020 22:56:31] [d(0)] core: Created user based module store
[09/08/2020 22:56:33] [e(0)] core: Dependency for windows/x64/encrypted_shell_reverse_tcp is not supported
[09/08/2020 22:56:33] [e(0)] core: Dependency for windows/encrypted_shell_reverse_tcp is not supported
[09/08/2020 22:56:34] [e(0)] core: Dependency for windows/x64/encrypted_reverse_tcp is not supported
[09/08/2020 22:56:34] [e(0)] core: Dependency for windows/encrypted_reverse_tcp is not supported
[09/08/2020 23:03:11] [e(0)] core: Failed to connect to the database: No database YAML file
[09/08/2020 23:03:13] [e(0)] core: Dependency for windows/x64/encrypted_shell_reverse_tcp is not supported
[09/08/2020 23:03:13] [e(0)] core: Dependency for windows/encrypted_shell_reverse_tcp is not supported
[09/08/2020 23:03:14] [e(0)] core: Dependency for windows/x64/encrypted_reverse_tcp is not supported
[09/08/2020 23:03:14] [e(0)] core: Dependency for windows/encrypted_reverse_tcp is not supported
[09/08/2020 23:08:06] [e(0)] core: Failed to connect to the database: No database YAML file
[09/08/2020 23:08:08] [e(0)] core: Dependency for windows/x64/encrypted_shell_reverse_tcp is not supported
[09/08/2020 23:08:08] [e(0)] core: Dependency for windows/encrypted_shell_reverse_tcp is not supported
[09/08/2020 23:08:08] [e(0)] core: Dependency for windows/x64/encrypted_reverse_tcp is not supported
[09/08/2020 23:08:08] [e(0)] core: Dependency for windows/encrypted_reverse_tcp is not supported
[09/08/2020 23:19:51] [e(0)] core: Dependency for windows/x64/encrypted_shell_reverse_tcp is not supported
[09/08/2020 23:19:51] [e(0)] core: Dependency for windows/encrypted_shell_reverse_tcp is not supported
[09/08/2020 23:19:51] [e(0)] core: Dependency for windows/x64/encrypted_reverse_tcp is not supported
[09/08/2020 23:19:51] [e(0)] core: Dependency for windows/encrypted_reverse_tcp is not supported
[09/08/2020 23:19:51] [e(0)] core: Errno::EACCES : Permission denied @ rb_sysopen - shell.war
/opt/metasploit-framework/bin/../embedded/framework/msfvenom:482:in `initialize'
/opt/metasploit-framework/bin/../embedded/framework/msfvenom:482:in `open'
/opt/metasploit-framework/bin/../embedded/framework/msfvenom:482:in `<main>'
[09/08/2020 23:40:45] [e(0)] core: Failed to connect to the database: No database YAML file
[09/08/2020 23:40:47] [e(0)] core: Dependency for windows/x64/encrypted_shell_reverse_tcp is not supported
[09/08/2020 23:40:47] [e(0)] core: Dependency for windows/encrypted_shell_reverse_tcp is not supported
[09/08/2020 23:40:48] [e(0)] core: Dependency for windows/x64/encrypted_reverse_tcp is not supported
[09/08/2020 23:40:48] [e(0)] core: Dependency for windows/encrypted_reverse_tcp is not supported
[09/08/2020 23:46:16] [e(0)] core: Dependency for windows/x64/encrypted_shell_reverse_tcp is not supported
[09/08/2020 23:46:16] [e(0)] core: Dependency for windows/encrypted_shell_reverse_tcp is not supported
[09/08/2020 23:46:16] [e(0)] core: Dependency for windows/x64/encrypted_reverse_tcp is not supported
[09/08/2020 23:46:16] [e(0)] core: Dependency for windows/encrypted_reverse_tcp is not supported
[09/08/2020 23:46:33] [e(0)] core: Exploit failed (multi/http/tomcat_mgr_upload): Errno::EACCES Permission denied - bind(2) for 0.0.0.0:443 - Errno::EACCES Permission denied - bind(2) for 0.0.0.0:443
